{"level":"info","msg":"A group of walrus emerges from the ocean","time":"2021-03-17T11:42:16+07:00"}
{"level":"info","msg":"Server start fail!","time":"2021-03-17T11:45:03+07:00"}
{"level":"info","msg":"listen tcp :80: bind: permission denied","time":"2021-03-17T11:49:02+07:00"}
{"level":"info","msg":"listen tcp :80: bind: permission denied","time":"2021-03-17T11:49:07+07:00"}
{"level":"info","msg":"starting server...","time":"2021-03-17T11:51:10+07:00"}
{"level":"info","msg":"Init mongodb instance....","time":"2021-03-17T11:53:20+07:00"}
{"level":"info","msg":"Init mongodb done...","time":"2021-03-17T11:53:20+07:00"}
{"level":"info","msg":"starting server...","time":"2021-03-17T11:53:20+07:00"}
{"level":"info","msg":"Init mongodb instance....","time":"2021-03-17T15:00:16+07:00"}
{"level":"info","msg":"Init mongodb done...","time":"2021-03-17T15:00:16+07:00"}
{"level":"info","msg":"starting server...","time":"2021-03-17T15:00:16+07:00"}
{"level":"info","msg":"Init mongodb instance....","time":"2021-03-17T15:24:12+07:00"}
{"level":"info","msg":"Init mongodb done...","time":"2021-03-17T15:24:12+07:00"}
{"level":"info","msg":"starting server...","time":"2021-03-17T15:24:12+07:00"}
{"level":"info","msg":"Init mongodb instance....","time":"2021-03-17T15:27:25+07:00"}
{"level":"info","msg":"Init mongodb done...","time":"2021-03-17T15:27:25+07:00"}
{"level":"info","msg":"starting server...","time":"2021-03-17T15:27:25+07:00"}
{"level":"info","msg":"Init mongodb instance....","time":"2021-03-17T15:37:16+07:00"}
{"level":"info","msg":"Init mongodb done...","time":"2021-03-17T15:37:16+07:00"}
{"level":"info","msg":"starting server...","time":"2021-03-17T15:37:16+07:00"}
{"level":"info","msg":"Init mongodb instance....","time":"2021-03-17T15:37:54+07:00"}
{"level":"info","msg":"Init mongodb done...","time":"2021-03-17T15:37:54+07:00"}
{"level":"info","msg":"starting server...","time":"2021-03-17T15:37:54+07:00"}
{"level":"info","msg":"Init mongodb instance....","time":"2021-03-17T15:39:14+07:00"}
{"level":"info","msg":"Init mongodb done...","time":"2021-03-17T15:39:14+07:00"}
{"level":"info","msg":"starting server...","time":"2021-03-17T15:39:14+07:00"}
{"level":"info","msg":"Init mongodb instance....","time":"2021-03-17T15:39:29+07:00"}
{"level":"info","msg":"Init mongodb done...","time":"2021-03-17T15:39:29+07:00"}
{"level":"info","msg":"starting server...","time":"2021-03-17T15:39:29+07:00"}
{"level":"info","msg":"Init mongodb instance....","time":"2021-03-17T15:40:35+07:00"}
{"level":"info","msg":"Init mongodb done...","time":"2021-03-17T15:40:35+07:00"}
{"level":"info","msg":"starting server...","time":"2021-03-17T15:40:35+07:00"}
{"level":"info","msg":"Init mongodb instance....","time":"2021-03-17T15:41:04+07:00"}
{"level":"info","msg":"Init mongodb done...","time":"2021-03-17T15:41:04+07:00"}
{"level":"info","msg":"starting server...","time":"2021-03-17T15:41:04+07:00"}
{"level":"info","msg":"Init mongodb instance....","time":"2021-03-17T15:41:19+07:00"}
{"level":"info","msg":"Init mongodb done...","time":"2021-03-17T15:41:19+07:00"}
{"level":"info","msg":"starting server...","time":"2021-03-17T15:41:19+07:00"}
{"level":"info","msg":"Init mongodb instance....","time":"2021-03-17T15:41:29+07:00"}
{"level":"info","msg":"Init mongodb done...","time":"2021-03-17T15:41:29+07:00"}
{"level":"info","msg":"starting server...","time":"2021-03-17T15:41:29+07:00"}
{"level":"info","msg":"Init mongodb instance....","time":"2021-03-17T15:41:54+07:00"}
{"level":"info","msg":"Init mongodb done...","time":"2021-03-17T15:41:54+07:00"}
{"level":"info","msg":"starting server...","time":"2021-03-17T15:41:54+07:00"}
{"level":"info","msg":"Init mongodb instance....","time":"2021-03-17T15:42:16+07:00"}
{"level":"info","msg":"Init mongodb done...","time":"2021-03-17T15:42:16+07:00"}
{"level":"info","msg":"starting server...","time":"2021-03-17T15:42:16+07:00"}
{"level":"info","msg":"Init mongodb instance....","time":"2021-03-17T15:42:38+07:00"}
{"level":"info","msg":"Init mongodb done...","time":"2021-03-17T15:42:38+07:00"}
{"level":"info","msg":"starting server...","time":"2021-03-17T15:42:38+07:00"}
{"level":"info","msg":"Init mongodb instance....","time":"2021-03-17T15:42:54+07:00"}
{"level":"info","msg":"Init mongodb done...","time":"2021-03-17T15:42:54+07:00"}
{"level":"info","msg":"starting server...","time":"2021-03-17T15:42:54+07:00"}
{"level":"info","msg":"Init mongodb instance....","time":"2021-03-17T15:43:43+07:00"}
{"level":"info","msg":"Init mongodb done...","time":"2021-03-17T15:43:43+07:00"}
{"level":"info","msg":"starting server...","time":"2021-03-17T15:43:43+07:00"}
{"level":"info","msg":"Init mongodb instance....","time":"2021-03-17T15:43:51+07:00"}
{"level":"info","msg":"Init mongodb done...","time":"2021-03-17T15:43:51+07:00"}
{"level":"info","msg":"starting server...","time":"2021-03-17T15:43:51+07:00"}
{"level":"info","msg":"Init mongodb instance....","time":"2021-03-17T15:44:10+07:00"}
{"level":"info","msg":"Init mongodb done...","time":"2021-03-17T15:44:10+07:00"}
{"level":"info","msg":"starting server...","time":"2021-03-17T15:44:10+07:00"}
{"level":"info","msg":"Init mongodb instance....","time":"2021-03-17T15:44:17+07:00"}
{"level":"info","msg":"Init mongodb done...","time":"2021-03-17T15:44:17+07:00"}
{"level":"info","msg":"starting server...","time":"2021-03-17T15:44:17+07:00"}
{"level":"info","msg":"Init mongodb instance....","time":"2021-03-17T15:44:26+07:00"}
{"level":"info","msg":"Init mongodb done...","time":"2021-03-17T15:44:26+07:00"}
{"level":"info","msg":"starting server...","time":"2021-03-17T15:44:26+07:00"}
{"level":"info","msg":"Init mongodb instance....","time":"2021-03-17T15:44:38+07:00"}
{"level":"info","msg":"Init mongodb done...","time":"2021-03-17T15:44:38+07:00"}
{"level":"info","msg":"starting server...","time":"2021-03-17T15:44:38+07:00"}
{"level":"info","msg":"Init mongodb instance....","time":"2021-03-17T15:44:53+07:00"}
{"level":"info","msg":"Init mongodb done...","time":"2021-03-17T15:44:53+07:00"}
{"level":"info","msg":"starting server...","time":"2021-03-17T15:44:53+07:00"}
{"level":"info","msg":"Init mongodb instance....","time":"2021-03-17T15:53:04+07:00"}
{"level":"info","msg":"Init mongodb done...","time":"2021-03-17T15:53:04+07:00"}
{"level":"info","msg":"starting server...","time":"2021-03-17T15:53:04+07:00"}
{"level":"info","msg":"Init mongodb instance....","time":"2021-03-17T15:53:43+07:00"}
{"level":"info","msg":"Init mongodb done...","time":"2021-03-17T15:53:43+07:00"}
{"level":"info","msg":"starting server...","time":"2021-03-17T15:53:43+07:00"}
{"level":"info","msg":"Init mongodb instance....","time":"2021-03-17T15:56:56+07:00"}
{"level":"info","msg":"Init mongodb done...","time":"2021-03-17T15:56:56+07:00"}
{"level":"info","msg":"starting server...","time":"2021-03-17T15:56:56+07:00"}
{"level":"info","msg":"Init mongodb instance....","time":"2021-03-17T15:57:14+07:00"}
{"level":"info","msg":"Init mongodb done...","time":"2021-03-17T15:57:14+07:00"}
{"level":"info","msg":"starting server...","time":"2021-03-17T15:57:14+07:00"}
{"level":"info","msg":"Init mongodb instance....","time":"2021-03-17T15:57:30+07:00"}
{"level":"info","msg":"Init mongodb done...","time":"2021-03-17T15:57:30+07:00"}
{"level":"info","msg":"starting server...","time":"2021-03-17T15:57:30+07:00"}
{"level":"info","msg":"Init mongodb instance....","time":"2021-03-17T15:58:02+07:00"}
{"level":"info","msg":"Init mongodb done...","time":"2021-03-17T15:58:02+07:00"}
{"level":"info","msg":"starting server...","time":"2021-03-17T15:58:02+07:00"}
{"level":"info","msg":"Init mongodb instance....","time":"2021-03-17T15:58:15+07:00"}
{"level":"info","msg":"Init mongodb done...","time":"2021-03-17T15:58:15+07:00"}
{"level":"info","msg":"starting server...","time":"2021-03-17T15:58:15+07:00"}
{"level":"info","msg":"Init mongodb instance....","time":"2021-03-17T16:00:04+07:00"}
{"level":"info","msg":"Init mongodb done...","time":"2021-03-17T16:00:04+07:00"}
{"level":"info","msg":"starting server...","time":"2021-03-17T16:00:04+07:00"}
{"level":"info","msg":"Init mongodb instance....","time":"2021-03-17T16:20:54+07:00"}
{"level":"info","msg":"Init mongodb done...","time":"2021-03-17T16:20:54+07:00"}
{"level":"info","msg":"starting server...","time":"2021-03-17T16:20:54+07:00"}
{"level":"info","msg":"Init mongodb instance....","time":"2021-03-17T16:21:16+07:00"}
{"level":"info","msg":"Init mongodb done...","time":"2021-03-17T16:21:16+07:00"}
{"level":"info","msg":"starting server...","time":"2021-03-17T16:21:16+07:00"}
{"level":"info","msg":"Init mongodb instance....","time":"2021-03-17T16:22:17+07:00"}
{"level":"info","msg":"Init mongodb done...","time":"2021-03-17T16:22:17+07:00"}
{"level":"info","msg":"starting server...","time":"2021-03-17T16:22:17+07:00"}
{"level":"info","msg":"Server start fail!","time":"2021-03-17T16:22:17+07:00"}
{"level":"info","msg":"Init mongodb instance....","time":"2021-03-17T16:22:26+07:00"}
{"level":"info","msg":"Init mongodb done...","time":"2021-03-17T16:22:26+07:00"}
{"level":"info","msg":"starting server...","time":"2021-03-17T16:22:26+07:00"}
{"level":"info","msg":"Server start fail!","time":"2021-03-17T16:22:26+07:00"}
{"level":"info","msg":"Init mongodb instance....","time":"2021-03-17T16:23:06+07:00"}
{"level":"info","msg":"Init mongodb done...","time":"2021-03-17T16:23:06+07:00"}
{"level":"info","msg":"starting server...","time":"2021-03-17T16:23:06+07:00"}
{"level":"info","msg":"Init mongodb instance....","time":"2021-03-17T16:27:34+07:00"}
{"level":"info","msg":"Init mongodb done...","time":"2021-03-17T16:27:34+07:00"}
{"level":"info","msg":"starting server...","time":"2021-03-17T16:27:34+07:00"}
{"level":"info","msg":"Init mongodb instance....","time":"2021-03-17T16:28:55+07:00"}
{"level":"info","msg":"Init mongodb done...","time":"2021-03-17T16:28:55+07:00"}
{"level":"info","msg":"starting server...","time":"2021-03-17T16:28:55+07:00"}
{"level":"info","msg":"Init mongodb instance....","time":"2021-03-17T16:34:39+07:00"}
{"level":"info","msg":"Init mongodb done...","time":"2021-03-17T16:34:39+07:00"}
{"level":"info","msg":"starting server...","time":"2021-03-17T16:34:39+07:00"}
{"level":"info","msg":"Init mongodb instance....","time":"2021-03-17T16:37:10+07:00"}
{"level":"info","msg":"Init mongodb done...","time":"2021-03-17T16:37:10+07:00"}
{"level":"info","msg":"starting server...","time":"2021-03-17T16:37:10+07:00"}
{"level":"info","msg":"Init mongodb instance....","time":"2021-03-17T16:39:12+07:00"}
{"level":"info","msg":"Init mongodb done...","time":"2021-03-17T16:39:12+07:00"}
{"level":"info","msg":"starting server...","time":"2021-03-17T16:39:12+07:00"}
{"level":"info","msg":"Init mongodb instance....","time":"2021-03-17T16:58:58+07:00"}
{"level":"info","msg":"Init mongodb done...","time":"2021-03-17T16:58:58+07:00"}
{"level":"info","msg":"starting server...","time":"2021-03-17T16:58:58+07:00"}
{"level":"info","msg":"Init mongodb instance....","time":"2021-03-17T17:01:00+07:00"}
{"level":"info","msg":"Init mongodb done...","time":"2021-03-17T17:01:00+07:00"}
{"level":"info","msg":"starting server...","time":"2021-03-17T17:01:00+07:00"}
{"level":"info","msg":"Init mongodb instance....","time":"2021-03-17T17:01:34+07:00"}
{"level":"info","msg":"Init mongodb done...","time":"2021-03-17T17:01:34+07:00"}
{"level":"info","msg":"starting server...","time":"2021-03-17T17:01:34+07:00"}
{"level":"info","msg":"Init mongodb instance....","time":"2021-03-17T17:02:17+07:00"}
{"level":"info","msg":"Init mongodb done...","time":"2021-03-17T17:02:17+07:00"}
{"level":"info","msg":"starting server...","time":"2021-03-17T17:02:17+07:00"}
{"level":"info","msg":"Init mongodb instance....","time":"2021-03-17T17:02:55+07:00"}
{"level":"info","msg":"Init mongodb done...","time":"2021-03-17T17:02:55+07:00"}
{"level":"info","msg":"starting server...","time":"2021-03-17T17:02:55+07:00"}
{"level":"info","msg":"Init mongodb instance....","time":"2021-03-17T17:04:03+07:00"}
{"level":"info","msg":"Init mongodb done...","time":"2021-03-17T17:04:03+07:00"}
{"level":"info","msg":"starting server...","time":"2021-03-17T17:04:03+07:00"}
{"level":"info","msg":"Init mongodb instance....","time":"2021-03-17T17:10:58+07:00"}
{"level":"info","msg":"Init mongodb done...","time":"2021-03-17T17:10:58+07:00"}
{"level":"info","msg":"starting server...","time":"2021-03-17T17:10:58+07:00"}
{"level":"info","msg":"Init mongodb instance....","time":"2021-03-17T17:14:30+07:00"}
{"level":"info","msg":"Init mongodb done...","time":"2021-03-17T17:14:30+07:00"}
{"level":"info","msg":"starting server...","time":"2021-03-17T17:14:30+07:00"}
{"level":"info","msg":"Init mongodb instance....","time":"2021-03-17T17:14:42+07:00"}
{"level":"info","msg":"Init mongodb done...","time":"2021-03-17T17:14:42+07:00"}
{"level":"info","msg":"starting server...","time":"2021-03-17T17:14:42+07:00"}
{"level":"info","msg":"Init mongodb instance....","time":"2021-03-17T17:16:58+07:00"}
{"level":"info","msg":"Init mongodb done...","time":"2021-03-17T17:16:58+07:00"}
{"level":"info","msg":"starting server...","time":"2021-03-17T17:16:58+07:00"}
{"level":"info","msg":"Server start fail!","time":"2021-03-17T17:16:58+07:00"}
{"level":"info","msg":"Init mongodb instance....","time":"2021-03-17T17:17:18+07:00"}
{"level":"info","msg":"Init mongodb done...","time":"2021-03-17T17:17:18+07:00"}
{"level":"info","msg":"starting server...","time":"2021-03-17T17:17:18+07:00"}
{"level":"info","msg":"Init mongodb instance....","time":"2021-03-17T17:20:34+07:00"}
{"level":"info","msg":"Init mongodb done...","time":"2021-03-17T17:20:34+07:00"}
{"level":"info","msg":"starting server...","time":"2021-03-17T17:20:34+07:00"}
{"level":"info","msg":"Init mongodb instance....","time":"2021-03-17T17:21:02+07:00"}
{"level":"info","msg":"Init mongodb done...","time":"2021-03-17T17:21:02+07:00"}
{"level":"info","msg":"starting server...","time":"2021-03-17T17:21:02+07:00"}
{"level":"info","msg":"Init mongodb instance....","time":"2021-03-17T17:28:40+07:00"}
{"level":"info","msg":"Init mongodb done...","time":"2021-03-17T17:28:40+07:00"}
{"level":"info","msg":"starting server...","time":"2021-03-17T17:28:40+07:00"}
{"level":"info","msg":"Init mongodb instance....","time":"2021-03-17T17:39:37+07:00"}
{"level":"info","msg":"Init mongodb done...","time":"2021-03-17T17:39:37+07:00"}
{"level":"info","msg":"starting server...","time":"2021-03-17T17:39:37+07:00"}
{"level":"info","msg":"Init mongodb instance....","time":"2021-03-17T17:40:58+07:00"}
{"level":"info","msg":"Init mongodb done...","time":"2021-03-17T17:40:58+07:00"}
{"level":"info","msg":"starting server...","time":"2021-03-17T17:40:58+07:00"}
{"level":"info","msg":"Init mongodb instance....","time":"2021-03-17T17:42:49+07:00"}
{"level":"info","msg":"Init mongodb done...","time":"2021-03-17T17:42:49+07:00"}
{"level":"info","msg":"starting server...","time":"2021-03-17T17:42:49+07:00"}
{"level":"info","msg":"Init mongodb instance....","time":"2021-03-17T17:43:09+07:00"}
{"level":"info","msg":"Init mongodb done...","time":"2021-03-17T17:43:09+07:00"}
{"level":"info","msg":"starting server...","time":"2021-03-17T17:43:09+07:00"}
{"level":"info","msg":"Init mongodb instance....","time":"2021-03-17T17:44:05+07:00"}
{"level":"info","msg":"Init mongodb done...","time":"2021-03-17T17:44:05+07:00"}
{"level":"info","msg":"starting server...","time":"2021-03-17T17:44:05+07:00"}
{"level":"info","msg":"Init mongodb instance....","time":"2021-03-17T17:44:57+07:00"}
{"level":"info","msg":"Init mongodb done...","time":"2021-03-17T17:44:57+07:00"}
{"level":"info","msg":"starting server...","time":"2021-03-17T17:44:57+07:00"}
{"level":"info","msg":"Init mongodb instance....","time":"2021-03-17T17:48:15+07:00"}
{"level":"info","msg":"Init mongodb done...","time":"2021-03-17T17:48:15+07:00"}
{"level":"info","msg":"starting server...","time":"2021-03-17T17:48:15+07:00"}
{"level":"info","msg":"Init mongodb instance....","time":"2021-03-17T17:49:29+07:00"}
{"level":"info","msg":"Init mongodb done...","time":"2021-03-17T17:49:29+07:00"}
{"level":"info","msg":"starting server...","time":"2021-03-17T17:49:29+07:00"}
{"level":"info","msg":"Init mongodb instance....","time":"2021-03-17T17:49:42+07:00"}
{"level":"info","msg":"Init mongodb done...","time":"2021-03-17T17:49:42+07:00"}
{"level":"info","msg":"starting server...","time":"2021-03-17T17:49:42+07:00"}
{"level":"info","msg":"Init mongodb instance....","time":"2021-03-17T17:52:15+07:00"}
{"level":"info","msg":"Init mongodb done...","time":"2021-03-17T17:52:15+07:00"}
{"level":"info","msg":"starting server...","time":"2021-03-17T17:52:15+07:00"}
{"level":"info","msg":"Init mongodb instance....","time":"2021-03-17T17:53:13+07:00"}
{"level":"info","msg":"Init mongodb done...","time":"2021-03-17T17:53:13+07:00"}
{"level":"info","msg":"starting server...","time":"2021-03-17T17:53:13+07:00"}
{"level":"info","msg":"Init mongodb instance....","time":"2021-03-17T18:08:53+07:00"}
{"level":"info","msg":"Init mongodb done...","time":"2021-03-17T18:08:53+07:00"}
{"level":"info","msg":"starting server...","time":"2021-03-17T18:08:53+07:00"}
{"level":"info","msg":"Init mongodb instance....","time":"2021-03-17T18:09:04+07:00"}
{"level":"info","msg":"Init mongodb done...","time":"2021-03-17T18:09:04+07:00"}
{"level":"info","msg":"starting server...","time":"2021-03-17T18:09:04+07:00"}
{"level":"info","msg":"Init mongodb instance....","time":"2021-03-17T18:09:40+07:00"}
{"level":"info","msg":"Init mongodb done...","time":"2021-03-17T18:09:40+07:00"}
{"level":"info","msg":"starting server...","time":"2021-03-17T18:09:40+07:00"}
{"level":"info","msg":"Init mongodb instance....","time":"2021-03-18T09:16:52+07:00"}
{"level":"info","msg":"Init mongodb done...","time":"2021-03-18T09:16:52+07:00"}
{"level":"info","msg":"starting server...","time":"2021-03-18T09:16:52+07:00"}
{"level":"info","msg":"Init mongodb instance....","time":"2021-03-18T09:18:13+07:00"}
{"level":"info","msg":"Init mongodb done...","time":"2021-03-18T09:18:13+07:00"}
{"level":"info","msg":"starting server...","time":"2021-03-18T09:18:13+07:00"}
{"level":"info","msg":"Init mongodb instance....","time":"2021-03-18T09:18:58+07:00"}
{"level":"info","msg":"Init mongodb done...","time":"2021-03-18T09:18:58+07:00"}
{"level":"info","msg":"starting server...","time":"2021-03-18T09:18:58+07:00"}
{"level":"info","msg":"Init mongodb instance....","time":"2021-03-18T09:22:59+07:00"}
{"level":"info","msg":"Init mongodb done...","time":"2021-03-18T09:22:59+07:00"}
{"level":"info","msg":"starting server...","time":"2021-03-18T09:22:59+07:00"}
{"level":"info","msg":"Init mongodb instance....","time":"2021-03-18T09:23:16+07:00"}
{"level":"info","msg":"Init mongodb done...","time":"2021-03-18T09:23:16+07:00"}
{"level":"info","msg":"starting server...","time":"2021-03-18T09:23:16+07:00"}
{"level":"info","msg":"Init mongodb instance....","time":"2021-03-18T09:26:09+07:00"}
{"level":"info","msg":"Init mongodb done...","time":"2021-03-18T09:26:09+07:00"}
{"level":"info","msg":"starting server...","time":"2021-03-18T09:26:09+07:00"}
{"level":"info","msg":"Init mongodb instance....","time":"2021-03-18T09:28:04+07:00"}
{"level":"info","msg":"Init mongodb done...","time":"2021-03-18T09:28:04+07:00"}
{"level":"info","msg":"starting server...","time":"2021-03-18T09:28:04+07:00"}
{"level":"info","msg":"Init mongodb instance....","time":"2021-03-18T09:28:21+07:00"}
{"level":"info","msg":"Init mongodb done...","time":"2021-03-18T09:28:21+07:00"}
{"level":"info","msg":"starting server...","time":"2021-03-18T09:28:21+07:00"}
{"level":"info","msg":"Init mongodb instance....","time":"2021-03-18T09:33:37+07:00"}
{"level":"info","msg":"Init mongodb done...","time":"2021-03-18T09:33:37+07:00"}
{"level":"info","msg":"starting server...","time":"2021-03-18T09:33:37+07:00"}
{"level":"info","msg":"Init mongodb instance....","time":"2021-03-18T09:34:06+07:00"}
{"level":"info","msg":"Init mongodb done...","time":"2021-03-18T09:34:06+07:00"}
{"level":"info","msg":"starting server...","time":"2021-03-18T09:34:06+07:00"}
{"level":"info","msg":"Init mongodb instance....","time":"2021-03-18T09:34:21+07:00"}
{"level":"info","msg":"Init mongodb done...","time":"2021-03-18T09:34:21+07:00"}
{"level":"info","msg":"starting server...","time":"2021-03-18T09:34:21+07:00"}
{"level":"info","msg":"Init mongodb instance....","time":"2021-03-18T09:38:13+07:00"}
{"level":"info","msg":"Init mongodb done...","time":"2021-03-18T09:38:13+07:00"}
{"level":"info","msg":"starting server...","time":"2021-03-18T09:38:13+07:00"}
{"level":"info","msg":"Init mongodb instance....","time":"2021-03-18T09:38:34+07:00"}
{"level":"info","msg":"Init mongodb done...","time":"2021-03-18T09:38:34+07:00"}
{"level":"info","msg":"starting server...","time":"2021-03-18T09:38:34+07:00"}
{"level":"info","msg":"Init mongodb instance....","time":"2021-03-18T09:39:04+07:00"}
{"level":"info","msg":"Init mongodb done...","time":"2021-03-18T09:39:04+07:00"}
{"level":"info","msg":"starting server...","time":"2021-03-18T09:39:04+07:00"}
{"level":"info","msg":"Init mongodb instance....","time":"2021-03-18T09:57:40+07:00"}
{"level":"info","msg":"Init mongodb done...","time":"2021-03-18T09:57:40+07:00"}
{"level":"info","msg":"starting server...","time":"2021-03-18T09:57:40+07:00"}
{"level":"info","msg":"Init mongodb instance....","time":"2021-03-18T09:58:10+07:00"}
{"level":"info","msg":"Init mongodb done...","time":"2021-03-18T09:58:10+07:00"}
{"level":"info","msg":"starting server...","time":"2021-03-18T09:58:10+07:00"}
{"level":"info","msg":"Init mongodb instance....","time":"2021-03-18T09:58:35+07:00"}
{"level":"info","msg":"Init mongodb done...","time":"2021-03-18T09:58:35+07:00"}
{"level":"info","msg":"starting server...","time":"2021-03-18T09:58:35+07:00"}
{"level":"info","msg":"Init mongodb instance....","time":"2021-03-18T09:59:17+07:00"}
{"level":"info","msg":"Init mongodb done...","time":"2021-03-18T09:59:17+07:00"}
{"level":"info","msg":"starting server...","time":"2021-03-18T09:59:17+07:00"}
{"level":"info","msg":"Init mongodb instance....","time":"2021-03-18T10:04:57+07:00"}
{"level":"info","msg":"Init mongodb done...","time":"2021-03-18T10:04:57+07:00"}
{"level":"info","msg":"starting server...","time":"2021-03-18T10:04:57+07:00"}
{"level":"info","msg":"Init mongodb instance....","time":"2021-03-18T10:05:17+07:00"}
{"level":"info","msg":"Init mongodb done...","time":"2021-03-18T10:05:17+07:00"}
{"level":"info","msg":"starting server...","time":"2021-03-18T10:05:17+07:00"}
{"level":"info","msg":"Init mongodb instance....","time":"2021-03-18T10:52:45+07:00"}
{"level":"info","msg":"Init mongodb done...","time":"2021-03-18T10:52:45+07:00"}
{"level":"info","msg":"starting server...","time":"2021-03-18T10:52:45+07:00"}
{"level":"info","msg":"Init mongodb instance....","time":"2021-03-18T10:53:18+07:00"}
{"level":"info","msg":"Init mongodb done...","time":"2021-03-18T10:53:18+07:00"}
{"level":"info","msg":"starting server...","time":"2021-03-18T10:53:18+07:00"}
{"level":"info","msg":"Init mongodb instance....","time":"2021-03-18T10:54:26+07:00"}
{"level":"info","msg":"Init mongodb done...","time":"2021-03-18T10:54:26+07:00"}
{"level":"info","msg":"starting server...","time":"2021-03-18T10:54:26+07:00"}
{"level":"info","msg":"Init mongodb instance....","time":"2021-03-18T10:54:49+07:00"}
{"level":"info","msg":"Init mongodb done...","time":"2021-03-18T10:54:49+07:00"}
{"level":"info","msg":"starting server...","time":"2021-03-18T10:54:49+07:00"}
{"level":"info","msg":"Init mongodb instance....","time":"2021-03-18T10:55:11+07:00"}
{"level":"info","msg":"Init mongodb done...","time":"2021-03-18T10:55:11+07:00"}
{"level":"info","msg":"starting server...","time":"2021-03-18T10:55:11+07:00"}
{"level":"info","msg":"Init mongodb instance....","time":"2021-03-18T10:56:05+07:00"}
{"level":"info","msg":"Init mongodb done...","time":"2021-03-18T10:56:05+07:00"}
{"level":"info","msg":"starting server...","time":"2021-03-18T10:56:05+07:00"}
{"level":"info","msg":"Init mongodb instance....","time":"2021-03-18T10:56:44+07:00"}
{"level":"info","msg":"Init mongodb done...","time":"2021-03-18T10:56:44+07:00"}
{"level":"info","msg":"starting server...","time":"2021-03-18T10:56:44+07:00"}
{"level":"info","msg":"Init mongodb instance....","time":"2021-03-18T11:17:01+07:00"}
{"level":"info","msg":"Init mongodb done...","time":"2021-03-18T11:17:01+07:00"}
{"level":"info","msg":"starting server...","time":"2021-03-18T11:17:01+07:00"}
{"level":"info","msg":"Init mongodb instance....","time":"2021-03-18T11:38:37+07:00"}
{"level":"info","msg":"Init mongodb done...","time":"2021-03-18T11:38:37+07:00"}
{"level":"info","msg":"starting server...","time":"2021-03-18T11:38:37+07:00"}
{"level":"info","msg":"Init mongodb instance....","time":"2021-03-18T11:41:44+07:00"}
{"level":"info","msg":"Init mongodb done...","time":"2021-03-18T11:41:44+07:00"}
{"level":"info","msg":"starting server...","time":"2021-03-18T11:41:44+07:00"}
{"level":"info","msg":"Init mongodb instance....","time":"2021-03-18T11:44:12+07:00"}
{"level":"info","msg":"Init mongodb done...","time":"2021-03-18T11:44:12+07:00"}
{"level":"info","msg":"starting server...","time":"2021-03-18T11:44:12+07:00"}
{"level":"info","msg":"Init mongodb instance....","time":"2021-03-18T11:44:28+07:00"}
{"level":"info","msg":"Init mongodb done...","time":"2021-03-18T11:44:28+07:00"}
{"level":"info","msg":"starting server...","time":"2021-03-18T11:44:28+07:00"}
{"level":"info","msg":"Init mongodb instance....","time":"2021-03-18T11:50:48+07:00"}
{"level":"info","msg":"Init mongodb done...","time":"2021-03-18T11:50:48+07:00"}
{"level":"info","msg":"starting server...","time":"2021-03-18T11:50:48+07:00"}
{"level":"info","msg":"Init mongodb instance....","time":"2021-03-18T11:51:09+07:00"}
{"level":"info","msg":"Init mongodb done...","time":"2021-03-18T11:51:09+07:00"}
{"level":"info","msg":"starting server...","time":"2021-03-18T11:51:09+07:00"}
{"level":"info","msg":"Init mongodb instance....","time":"2021-03-18T11:51:53+07:00"}
{"level":"info","msg":"Init mongodb done...","time":"2021-03-18T11:51:53+07:00"}
{"level":"info","msg":"starting server...","time":"2021-03-18T11:51:53+07:00"}
{"level":"info","msg":"Init mongodb instance....","time":"2021-03-18T11:56:42+07:00"}
{"level":"info","msg":"Init mongodb done...","time":"2021-03-18T11:56:42+07:00"}
{"level":"info","msg":"starting server...","time":"2021-03-18T11:56:42+07:00"}
{"level":"info","msg":"Init mongodb instance....","time":"2021-03-18T14:23:41+07:00"}
{"level":"info","msg":"Init mongodb done...","time":"2021-03-18T14:23:41+07:00"}
{"level":"info","msg":"starting server...","time":"2021-03-18T14:23:41+07:00"}
{"level":"info","msg":"Init mongodb instance....","time":"2021-03-18T14:33:46+07:00"}
{"level":"info","msg":"Init mongodb done...","time":"2021-03-18T14:33:46+07:00"}
{"level":"info","msg":"starting server...","time":"2021-03-18T14:33:46+07:00"}
{"level":"info","msg":"Init mongodb instance....","time":"2021-03-18T14:34:44+07:00"}
{"level":"info","msg":"Init mongodb done...","time":"2021-03-18T14:34:44+07:00"}
{"level":"info","msg":"starting server...","time":"2021-03-18T14:34:44+07:00"}
{"level":"info","msg":"Init mongodb instance....","time":"2021-03-18T14:39:11+07:00"}
{"level":"info","msg":"Init mongodb done...","time":"2021-03-18T14:39:11+07:00"}
{"level":"info","msg":"starting server...","time":"2021-03-18T14:39:11+07:00"}
{"level":"info","msg":"Init mongodb instance....","time":"2021-03-18T14:39:47+07:00"}
{"level":"info","msg":"Init mongodb done...","time":"2021-03-18T14:39:47+07:00"}
{"level":"info","msg":"starting server...","time":"2021-03-18T14:39:47+07:00"}
{"level":"info","msg":"Init mongodb instance....","time":"2021-03-18T14:41:20+07:00"}
{"level":"info","msg":"Init mongodb done...","time":"2021-03-18T14:41:20+07:00"}
{"level":"info","msg":"starting server...","time":"2021-03-18T14:41:20+07:00"}
{"level":"info","msg":"Init mongodb instance....","time":"2021-03-18T14:42:21+07:00"}
{"level":"info","msg":"Init mongodb done...","time":"2021-03-18T14:42:21+07:00"}
{"level":"info","msg":"starting server...","time":"2021-03-18T14:42:21+07:00"}
{"level":"info","msg":"Init mongodb instance....","time":"2021-03-18T14:43:10+07:00"}
{"level":"info","msg":"Init mongodb done...","time":"2021-03-18T14:43:10+07:00"}
{"level":"info","msg":"starting server...","time":"2021-03-18T14:43:10+07:00"}
{"level":"info","msg":"Init mongodb instance....","time":"2021-03-18T14:44:18+07:00"}
{"level":"info","msg":"Init mongodb done...","time":"2021-03-18T14:44:18+07:00"}
{"level":"info","msg":"starting server...","time":"2021-03-18T14:44:18+07:00"}
{"level":"info","msg":"Init mongodb instance....","time":"2021-03-18T14:46:07+07:00"}
{"level":"info","msg":"Init mongodb done...","time":"2021-03-18T14:46:07+07:00"}
{"level":"info","msg":"starting server...","time":"2021-03-18T14:46:07+07:00"}
{"level":"info","msg":"Init mongodb instance....","time":"2021-03-18T14:47:13+07:00"}
{"level":"info","msg":"Init mongodb done...","time":"2021-03-18T14:47:13+07:00"}
{"level":"info","msg":"starting server...","time":"2021-03-18T14:47:13+07:00"}
{"level":"info","msg":"Init mongodb instance....","time":"2021-03-18T16:03:34+07:00"}
{"level":"info","msg":"Init mongodb done...","time":"2021-03-18T16:03:34+07:00"}
{"level":"info","msg":"starting server...","time":"2021-03-18T16:03:34+07:00"}
{"level":"info","msg":"Init mongodb instance....","time":"2021-03-18T16:05:44+07:00"}
{"level":"info","msg":"Init mongodb done...","time":"2021-03-18T16:05:44+07:00"}
{"level":"info","msg":"starting server...","time":"2021-03-18T16:05:44+07:00"}
{"level":"info","msg":"Init mongodb instance....","time":"2021-03-18T16:59:04+07:00"}
{"level":"info","msg":"Init mongodb done...","time":"2021-03-18T16:59:04+07:00"}
{"level":"info","msg":"starting server...","time":"2021-03-18T16:59:04+07:00"}
{"level":"info","msg":"Init mongodb instance....","time":"2021-03-18T16:59:51+07:00"}
{"level":"info","msg":"Init mongodb done...","time":"2021-03-18T16:59:51+07:00"}
{"level":"info","msg":"starting server...","time":"2021-03-18T16:59:51+07:00"}
{"level":"info","msg":"Init mongodb instance....","time":"2021-03-18T17:00:56+07:00"}
{"level":"info","msg":"Init mongodb done...","time":"2021-03-18T17:00:56+07:00"}
{"level":"info","msg":"starting server...","time":"2021-03-18T17:00:56+07:00"}
{"level":"info","msg":"Init mongodb instance....","time":"2021-03-18T17:02:07+07:00"}
{"level":"info","msg":"Init mongodb done...","time":"2021-03-18T17:02:07+07:00"}
{"level":"info","msg":"starting server...","time":"2021-03-18T17:02:07+07:00"}
{"level":"info","msg":"Init mongodb instance....","time":"2021-03-18T17:04:52+07:00"}
{"level":"info","msg":"Init mongodb done...","time":"2021-03-18T17:04:52+07:00"}
{"level":"info","msg":"starting server...","time":"2021-03-18T17:04:52+07:00"}
{"level":"info","msg":"Init mongodb instance....","time":"2021-03-18T17:07:47+07:00"}
{"level":"info","msg":"Init mongodb done...","time":"2021-03-18T17:07:47+07:00"}
{"level":"info","msg":"starting server...","time":"2021-03-18T17:07:47+07:00"}
{"level":"info","msg":"Init mongodb instance....","time":"2021-03-18T17:08:33+07:00"}
{"level":"info","msg":"Init mongodb done...","time":"2021-03-18T17:08:33+07:00"}
{"level":"info","msg":"starting server...","time":"2021-03-18T17:08:33+07:00"}
{"level":"info","msg":"Init mongodb instance....","time":"2021-03-18T17:15:06+07:00"}
{"level":"info","msg":"Init mongodb done...","time":"2021-03-18T17:15:06+07:00"}
{"level":"info","msg":"starting server...","time":"2021-03-18T17:15:06+07:00"}
{"level":"info","msg":"Init mongodb instance....","time":"2021-03-18T17:17:05+07:00"}
{"level":"info","msg":"Init mongodb done...","time":"2021-03-18T17:17:05+07:00"}
{"level":"info","msg":"starting server...","time":"2021-03-18T17:17:05+07:00"}
{"level":"info","msg":"Init mongodb instance....","time":"2021-03-18T17:18:58+07:00"}
{"level":"info","msg":"Init mongodb done...","time":"2021-03-18T17:18:58+07:00"}
{"level":"info","msg":"starting server...","time":"2021-03-18T17:18:58+07:00"}
{"level":"info","msg":"Init mongodb instance....","time":"2021-03-18T17:21:11+07:00"}
{"level":"info","msg":"Init mongodb done...","time":"2021-03-18T17:21:11+07:00"}
{"level":"info","msg":"starting server...","time":"2021-03-18T17:21:11+07:00"}
{"level":"info","msg":"Init mongodb instance....","time":"2021-03-18T17:25:36+07:00"}
{"level":"info","msg":"Init mongodb done...","time":"2021-03-18T17:25:36+07:00"}
{"level":"info","msg":"starting server...","time":"2021-03-18T17:25:36+07:00"}
{"level":"info","msg":"Init mongodb instance....","time":"2021-03-18T17:35:42+07:00"}
{"level":"info","msg":"Init mongodb done...","time":"2021-03-18T17:35:42+07:00"}
{"level":"info","msg":"starting server...","time":"2021-03-18T17:35:42+07:00"}
